2026-02-22 17:11:39 [main] INFO  LogUtils:12 - Initializing Automation Framework
2026-02-22 17:11:39 [main] INFO  LogUtils:12 - Loaded environment config: D:\Tester\RestAssured\automation-rest-assured\src\test\resources\config\configs-dev.properties
2026-02-22 17:11:39 [main] INFO  LogUtils:12 - Active Environment: dev
2026-02-22 17:11:39 [main] INFO  LogUtils:12 - Base URI: https://restful-booker.herokuapp.com
2026-02-22 17:11:39 [main] INFO  LogUtils:12 - Base Path: /
2026-02-22 17:11:39 [main] INFO  LogUtils:12 - Starting Test Suite: TestNGTest-9226b3f4-6ac6-491e-b795-cecade919abb
2026-02-22 17:11:39 [main] INFO  LogUtils:12 - Starting Test Method
2026-02-22 17:11:39 [main] INFO  LogUtils:12 - Test Started: bookingCrudFlow
2026-02-22 17:11:39 [main] INFO  LogUtils:12 - Test: Booking CRUD flow for Jim Brown
2026-02-22 17:11:39 [main] INFO  LogUtils:12 - POST Request: /auth
2026-02-22 17:11:42 [main] INFO  LogUtils:12 - POST Request: /booking
2026-02-22 17:11:44 [main] INFO  LogUtils:12 - GET Request: /booking/397
2026-02-22 17:11:46 [main] INFO  LogUtils:12 - PUT Request: /booking/397
2026-02-22 17:11:47 [main] INFO  LogUtils:12 - DELETE Request: /booking/397
2026-02-22 17:11:49 [main] INFO  LogUtils:12 - Test Passed: bookingCrudFlow
2026-02-22 17:11:49 [main] INFO  LogUtils:12 - Starting Test Method
2026-02-22 17:11:49 [main] INFO  LogUtils:12 - Test Started: bookingCrudFlow
2026-02-22 17:11:49 [main] INFO  LogUtils:12 - Test: Booking CRUD flow for Anna Taylor
2026-02-22 17:11:49 [main] INFO  LogUtils:12 - POST Request: /auth
2026-02-22 17:11:50 [main] INFO  LogUtils:12 - POST Request: /booking
2026-02-22 17:11:51 [main] INFO  LogUtils:12 - GET Request: /booking/465
2026-02-22 17:11:53 [main] INFO  LogUtils:12 - PUT Request: /booking/465
2026-02-22 17:11:54 [main] INFO  LogUtils:12 - DELETE Request: /booking/465
2026-02-22 17:11:56 [main] INFO  LogUtils:12 - Test Passed: bookingCrudFlow
2026-02-22 17:11:56 [main] INFO  LogUtils:12 - Finishing Test Suite: TestNGTest-9226b3f4-6ac6-491e-b795-cecade919abb
2026-02-22 17:11:56 [main] INFO  LogUtils:12 - Stopping Automation Framework
